<?xml version="1.0" encoding="UTF-8"?>
<!-- Generated by org.testng.reporters.JUnitReportReporter -->
<testsuite hostname="DESKTOP-LHMO7C5" failures="0" tests="1" name="com.mf.testsuites.Test_OrderPage" time="22.155" errors="0" timestamp="2024-05-07T10:22:06 IST" skipped="0">
  <testcase classname="com.mf.testsuites.Test_OrderPage" name="verifyProductPrice" time="22.155"/>
  <system-out/>
</testsuite> <!-- com.mf.testsuites.Test_OrderPage -->
