<?xml version="1.0" encoding="UTF-8"?>
<!-- Generated by org.testng.reporters.JUnitReportReporter -->
<testsuite hostname="DESKTOP-LHMO7C5" failures="0" tests="1" name="com.mf.testsuites.Test_addCart" time="24.509" errors="0" timestamp="2024-05-07T12:02:19 IST" skipped="0">
  <testcase classname="com.mf.testsuites.Test_addCart" name="addtocart" time="24.509"/>
  <system-out/>
</testsuite> <!-- com.mf.testsuites.Test_addCart -->
