<?xml version="1.0" encoding="UTF-8"?>
<!-- Generated by org.testng.reporters.JUnitReportReporter -->
<testsuite hostname="DESKTOP-LHMO7C5" failures="0" tests="1" name="com.mf.testsuites.Test_EndToEnd_feature" time="38.302" errors="0" timestamp="2024-05-07T12:00:26 IST" skipped="0">
  <testcase classname="com.mf.testsuites.Test_EndToEnd_feature" name="endToEndTest" time="38.302"/>
  <system-out/>
</testsuite> <!-- com.mf.testsuites.Test_EndToEnd_feature -->
