<?xml version="1.0" encoding="UTF-8"?>
<!-- Generated by org.testng.reporters.JUnitReportReporter -->
<testsuite hostname="DESKTOP-LHMO7C5" failures="0" tests="1" name="com.mf.testsuites.Test_AccountCreation" time="0.000" errors="0" timestamp="2024-05-07T09:33:41 IST" skipped="1">
  <testcase classname="com.mf.testsuites.Test_AccountCreation" name="verifyCreateAccountPage" time="0.000">
    <skipped/>
  </testcase> <!-- verifyCreateAccountPage -->
  <system-out/>
</testsuite> <!-- com.mf.testsuites.Test_AccountCreation -->
