<?xml version="1.0" encoding="UTF-8"?>
<!-- Generated by org.testng.reporters.JUnitReportReporter -->
<testsuite hostname="DESKTOP-LHMO7C5" failures="0" tests="2" name="com.mf.testsuites.Test_demo" time="10.946" errors="0" timestamp="2024-05-02T22:01:05 IST" skipped="0">
  <testcase classname="com.mf.testsuites.Test_demo" name="wishListTest" time="6.399"/>
  <system-out/>
  <testcase classname="com.mf.testsuites.Test_demo" name="wishListTest" time="4.547"/>
  <system-out/>
</testsuite> <!-- com.mf.testsuites.Test_demo -->
