<?xml version="1.0" encoding="UTF-8"?>
<!-- Generated by org.testng.reporters.JUnitReportReporter -->
<testsuite hostname="DESKTOP-LHMO7C5" failures="0" tests="2" name="com.mf.testsuites.Test_IndexPage" time="21.745" errors="0" timestamp="2024-05-07T11:59:01 IST" skipped="0">
  <testcase classname="com.mf.testsuites.Test_IndexPage" name="verityTitle" time="12.705"/>
  <system-out/>
  <testcase classname="com.mf.testsuites.Test_IndexPage" name="verifyLogo" time="9.040"/>
  <system-out/>
</testsuite> <!-- com.mf.testsuites.Test_IndexPage -->
